<?xml version="1.0" encoding="UTF-8" ?>
<testsuite tests="2" failures="0" name="MyTest" time="0.61" errors="2" skipped="0">
  <properties>
[...]
</properties>
  <testcase classname="MyTest" name="testStudent2" time="0.595">
    <error message="
### Error querying database.  Cause: java.sql.SQLSyntaxErrorException: Table &apos;mybatis.student&apos; doesn&apos;t exist
### The error may exist in com/kuang/dao/StudentMapper.xml
### The error may involve defaultParameterMap
### The error occurred while setting parameters
### SQL: select s.id sid, s.name sname , t.name tname         from student s,teacher t         where s.tid = t.id
### Cause: java.sql.SQLSyntaxErrorException: Table &apos;mybatis.student&apos; doesn&apos;t exist" type="org.apache.ibatis.exceptions.PersistenceException">org.apache.ibatis.exceptions.PersistenceException: 
### Error querying database.  Cause: java.sql.SQLSyntaxErrorException: Table &apos;mybatis.student&apos; doesn&apos;t exist
### The error may exist in com/kuang/dao/StudentMapper.xml
### The error may involve defaultParameterMap
### The error occurred while setting parameters
### SQL: select s.id sid, s.name sname , t.name tname         from student s,teacher t         where s.tid = t.id
### Cause: java.sql.SQLSyntaxErrorException: Table &apos;mybatis.student&apos; doesn&apos;t exist
	at org.apache.ibatis.exceptions.ExceptionFactory.wrapException(ExceptionFactory.java:30)
	at org.apache.ibatis.session.defaults.DefaultSqlSession.selectList(DefaultSqlSession.java:149)
	at org.apache.ibatis.session.defaults.DefaultSqlSession.selectList(DefaultSqlSession.java:140)
	at org.apache.ibatis.binding.MapperMethod.executeForMany(MapperMethod.java:147)
	at org.apache.ibatis.binding.MapperMethod.execute(MapperMethod.java:80)
	at org.apache.ibatis.binding.MapperProxy.invoke(MapperProxy.java:57)
	at jdk.proxy2/jdk.proxy2.$Proxy6.getStudents2(Unknown Source)
	at MyTest.testStudent2(MyTest.java:37)
	at java.base/jdk.internal.reflect.DirectMethodHandleAccessor.invoke(DirectMethodHandleAccessor.java:104)
	at java.base/java.lang.reflect.Method.invoke(Method.java:577)
	at org.junit.runners.model.FrameworkMethod$1.runReflectiveCall(FrameworkMethod.java:47)
	at org.junit.internal.runners.model.ReflectiveCallable.run(ReflectiveCallable.java:12)
	at org.junit.runners.model.FrameworkMethod.invokeExplosively(FrameworkMethod.java:44)
	at org.junit.internal.runners.statements.InvokeMethod.evaluate(InvokeMethod.java:17)
	at org.junit.runners.ParentRunner.runLeaf(ParentRunner.java:271)
	at org.junit.runners.BlockJUnit4ClassRunner.runChild(BlockJUnit4ClassRunner.java:70)
	at org.junit.runners.BlockJUnit4ClassRunner.runChild(BlockJUnit4ClassRunner.java:50)
	at org.junit.runners.ParentRunner$3.run(ParentRunner.java:238)
	at org.junit.runners.ParentRunner$1.schedule(ParentRunner.java:63)
	at org.junit.runners.ParentRunner.runChildren(ParentRunner.java:236)
	at org.junit.runners.ParentRunner.access$000(ParentRunner.java:53)
	at org.junit.runners.ParentRunner$2.evaluate(ParentRunner.java:229)
	at org.junit.runners.ParentRunner.run(ParentRunner.java:309)
	at org.apache.maven.surefire.junit4.JUnit4Provider.execute(JUnit4Provider.java:252)
	at org.apache.maven.surefire.junit4.JUnit4Provider.executeTestSet(JUnit4Provider.java:141)
	at org.apache.maven.surefire.junit4.JUnit4Provider.invoke(JUnit4Provider.java:112)
	at java.base/jdk.internal.reflect.DirectMethodHandleAccessor.invoke(DirectMethodHandleAccessor.java:104)
	at java.base/java.lang.reflect.Method.invoke(Method.java:577)
	at org.apache.maven.surefire.util.ReflectionUtils.invokeMethodWithArray(ReflectionUtils.java:189)
	at org.apache.maven.surefire.booter.ProviderFactory$ProviderProxy.invoke(ProviderFactory.java:165)
	at org.apache.maven.surefire.booter.ProviderFactory.invokeProvider(ProviderFactory.java:85)
	at org.apache.maven.surefire.booter.ForkedBooter.runSuitesInProcess(ForkedBooter.java:115)
	at org.apache.maven.surefire.booter.ForkedBooter.main(ForkedBooter.java:75)
Caused by: java.sql.SQLSyntaxErrorException: Table &apos;mybatis.student&apos; doesn&apos;t exist
	at com.mysql.cj.jdbc.exceptions.SQLError.createSQLException(SQLError.java:120)
	at com.mysql.cj.jdbc.exceptions.SQLExceptionsMapping.translateException(SQLExceptionsMapping.java:122)
	at com.mysql.cj.jdbc.ClientPreparedStatement.executeInternal(ClientPreparedStatement.java:953)
	at com.mysql.cj.jdbc.ClientPreparedStatement.execute(ClientPreparedStatement.java:370)
	at java.base/jdk.internal.reflect.DirectMethodHandleAccessor.invoke(DirectMethodHandleAccessor.java:104)
	at java.base/java.lang.reflect.Method.invoke(Method.java:577)
	at org.apache.ibatis.logging.jdbc.PreparedStatementLogger.invoke(PreparedStatementLogger.java:59)
	at jdk.proxy3/jdk.proxy3.$Proxy8.execute(Unknown Source)
	at org.apache.ibatis.executor.statement.PreparedStatementHandler.query(PreparedStatementHandler.java:64)
	at org.apache.ibatis.executor.statement.RoutingStatementHandler.query(RoutingStatementHandler.java:79)
	at org.apache.ibatis.executor.SimpleExecutor.doQuery(SimpleExecutor.java:63)
	at org.apache.ibatis.executor.BaseExecutor.queryFromDatabase(BaseExecutor.java:324)
	at org.apache.ibatis.executor.BaseExecutor.query(BaseExecutor.java:156)
	at org.apache.ibatis.executor.CachingExecutor.query(CachingExecutor.java:109)
	at org.apache.ibatis.executor.CachingExecutor.query(CachingExecutor.java:83)
	at org.apache.ibatis.session.defaults.DefaultSqlSession.selectList(DefaultSqlSession.java:147)
	... 31 more
</error>
    <system-out>[org.apache.ibatis.logging.LogFactory]-Logging initialized using &apos;class org.apache.ibatis.logging.log4j.Log4jImpl&apos; adapter.
[org.apache.ibatis.logging.LogFactory]-Logging initialized using &apos;class org.apache.ibatis.logging.log4j.Log4jImpl&apos; adapter.
[org.apache.ibatis.io.VFS]-Class not found: org.jboss.vfs.VFS
[org.apache.ibatis.io.JBoss6VFS]-JBoss 6 VFS API is not available in this environment.
[org.apache.ibatis.io.VFS]-Class not found: org.jboss.vfs.VirtualFile
[org.apache.ibatis.io.VFS]-VFS implementation org.apache.ibatis.io.JBoss6VFS is not valid in this environment.
[org.apache.ibatis.io.VFS]-Using VFS adapter org.apache.ibatis.io.DefaultVFS
[org.apache.ibatis.io.DefaultVFS]-Find JAR URL: file:/D:/code/java/project/MybatisStudy/mybatis-06/target/classes/com/kuang/pojo
[org.apache.ibatis.io.DefaultVFS]-Not a JAR: file:/D:/code/java/project/MybatisStudy/mybatis-06/target/classes/com/kuang/pojo
[org.apache.ibatis.io.DefaultVFS]-Reader entry: Student.class
[org.apache.ibatis.io.DefaultVFS]-Reader entry: Teacher.class
[org.apache.ibatis.io.DefaultVFS]-Listing file:/D:/code/java/project/MybatisStudy/mybatis-06/target/classes/com/kuang/pojo
[org.apache.ibatis.io.DefaultVFS]-Find JAR URL: file:/D:/code/java/project/MybatisStudy/mybatis-06/target/classes/com/kuang/pojo/Student.class
[org.apache.ibatis.io.DefaultVFS]-Not a JAR: file:/D:/code/java/project/MybatisStudy/mybatis-06/target/classes/com/kuang/pojo/Student.class
[org.apache.ibatis.io.DefaultVFS]-Reader entry: ����&amp;#0;&amp;#0;&amp;#0;4&amp;#0;\
[org.apache.ibatis.io.DefaultVFS]-Find JAR URL: file:/D:/code/java/project/MybatisStudy/mybatis-06/target/classes/com/kuang/pojo/Teacher.class
[org.apache.ibatis.io.DefaultVFS]-Not a JAR: file:/D:/code/java/project/MybatisStudy/mybatis-06/target/classes/com/kuang/pojo/Teacher.class
[org.apache.ibatis.io.DefaultVFS]-Reader entry: ����&amp;#0;&amp;#0;&amp;#0;4&amp;#0;J
[org.apache.ibatis.io.ResolverUtil]-Checking to see if class com.kuang.pojo.Student matches criteria [is assignable to Object]
[org.apache.ibatis.io.ResolverUtil]-Checking to see if class com.kuang.pojo.Teacher matches criteria [is assignable to Object]
[org.apache.ibatis.datasource.pooled.PooledDataSource]-PooledDataSource forcefully closed/removed all connections.
[org.apache.ibatis.datasource.pooled.PooledDataSource]-PooledDataSource forcefully closed/removed all connections.
[org.apache.ibatis.datasource.pooled.PooledDataSource]-PooledDataSource forcefully closed/removed all connections.
[org.apache.ibatis.datasource.pooled.PooledDataSource]-PooledDataSource forcefully closed/removed all connections.
[org.apache.ibatis.transaction.jdbc.JdbcTransaction]-Opening JDBC Connection
[org.apache.ibatis.datasource.pooled.PooledDataSource]-Created connection 1961595039.
[org.apache.ibatis.transaction.jdbc.JdbcTransaction]-Setting autocommit to false on JDBC Connection [com.mysql.cj.jdbc.ConnectionImpl@74eb909f]
[com.kuang.dao.StudentMapper.getStudents2]-==&gt;  Preparing: select s.id sid, s.name sname , t.name tname from student s,teacher t where s.tid = t.id 
[com.kuang.dao.StudentMapper.getStudents2]-==&gt; Parameters: 
</system-out>
  </testcase>
  <testcase classname="MyTest" name="testStudent" time="0.015">
    <error message="
### Error querying database.  Cause: java.sql.SQLSyntaxErrorException: Table &apos;mybatis.student&apos; doesn&apos;t exist
### The error may exist in com/kuang/dao/StudentMapper.xml
### The error may involve defaultParameterMap
### The error occurred while setting parameters
### SQL: select * from student
### Cause: java.sql.SQLSyntaxErrorException: Table &apos;mybatis.student&apos; doesn&apos;t exist" type="org.apache.ibatis.exceptions.PersistenceException">org.apache.ibatis.exceptions.PersistenceException: 
### Error querying database.  Cause: java.sql.SQLSyntaxErrorException: Table &apos;mybatis.student&apos; doesn&apos;t exist
### The error may exist in com/kuang/dao/StudentMapper.xml
### The error may involve defaultParameterMap
### The error occurred while setting parameters
### SQL: select * from student
### Cause: java.sql.SQLSyntaxErrorException: Table &apos;mybatis.student&apos; doesn&apos;t exist
	at org.apache.ibatis.exceptions.ExceptionFactory.wrapException(ExceptionFactory.java:30)
	at org.apache.ibatis.session.defaults.DefaultSqlSession.selectList(DefaultSqlSession.java:149)
	at org.apache.ibatis.session.defaults.DefaultSqlSession.selectList(DefaultSqlSession.java:140)
	at org.apache.ibatis.binding.MapperMethod.executeForMany(MapperMethod.java:147)
	at org.apache.ibatis.binding.MapperMethod.execute(MapperMethod.java:80)
	at org.apache.ibatis.binding.MapperProxy.invoke(MapperProxy.java:57)
	at jdk.proxy2/jdk.proxy2.$Proxy6.getStudents(Unknown Source)
	at MyTest.testStudent(MyTest.java:24)
	at java.base/jdk.internal.reflect.DirectMethodHandleAccessor.invoke(DirectMethodHandleAccessor.java:104)
	at java.base/java.lang.reflect.Method.invoke(Method.java:577)
	at org.junit.runners.model.FrameworkMethod$1.runReflectiveCall(FrameworkMethod.java:47)
	at org.junit.internal.runners.model.ReflectiveCallable.run(ReflectiveCallable.java:12)
	at org.junit.runners.model.FrameworkMethod.invokeExplosively(FrameworkMethod.java:44)
	at org.junit.internal.runners.statements.InvokeMethod.evaluate(InvokeMethod.java:17)
	at org.junit.runners.ParentRunner.runLeaf(ParentRunner.java:271)
	at org.junit.runners.BlockJUnit4ClassRunner.runChild(BlockJUnit4ClassRunner.java:70)
	at org.junit.runners.BlockJUnit4ClassRunner.runChild(BlockJUnit4ClassRunner.java:50)
	at org.junit.runners.ParentRunner$3.run(ParentRunner.java:238)
	at org.junit.runners.ParentRunner$1.schedule(ParentRunner.java:63)
	at org.junit.runners.ParentRunner.runChildren(ParentRunner.java:236)
	at org.junit.runners.ParentRunner.access$000(ParentRunner.java:53)
	at org.junit.runners.ParentRunner$2.evaluate(ParentRunner.java:229)
	at org.junit.runners.ParentRunner.run(ParentRunner.java:309)
	at org.apache.maven.surefire.junit4.JUnit4Provider.execute(JUnit4Provider.java:252)
	at org.apache.maven.surefire.junit4.JUnit4Provider.executeTestSet(JUnit4Provider.java:141)
	at org.apache.maven.surefire.junit4.JUnit4Provider.invoke(JUnit4Provider.java:112)
	at java.base/jdk.internal.reflect.DirectMethodHandleAccessor.invoke(DirectMethodHandleAccessor.java:104)
	at java.base/java.lang.reflect.Method.invoke(Method.java:577)
	at org.apache.maven.surefire.util.ReflectionUtils.invokeMethodWithArray(ReflectionUtils.java:189)
	at org.apache.maven.surefire.booter.ProviderFactory$ProviderProxy.invoke(ProviderFactory.java:165)
	at org.apache.maven.surefire.booter.ProviderFactory.invokeProvider(ProviderFactory.java:85)
	at org.apache.maven.surefire.booter.ForkedBooter.runSuitesInProcess(ForkedBooter.java:115)
	at org.apache.maven.surefire.booter.ForkedBooter.main(ForkedBooter.java:75)
Caused by: java.sql.SQLSyntaxErrorException: Table &apos;mybatis.student&apos; doesn&apos;t exist
	at com.mysql.cj.jdbc.exceptions.SQLError.createSQLException(SQLError.java:120)
	at com.mysql.cj.jdbc.exceptions.SQLExceptionsMapping.translateException(SQLExceptionsMapping.java:122)
	at com.mysql.cj.jdbc.ClientPreparedStatement.executeInternal(ClientPreparedStatement.java:953)
	at com.mysql.cj.jdbc.ClientPreparedStatement.execute(ClientPreparedStatement.java:370)
	at java.base/jdk.internal.reflect.DirectMethodHandleAccessor.invoke(DirectMethodHandleAccessor.java:104)
	at java.base/java.lang.reflect.Method.invoke(Method.java:577)
	at org.apache.ibatis.logging.jdbc.PreparedStatementLogger.invoke(PreparedStatementLogger.java:59)
	at jdk.proxy3/jdk.proxy3.$Proxy8.execute(Unknown Source)
	at org.apache.ibatis.executor.statement.PreparedStatementHandler.query(PreparedStatementHandler.java:64)
	at org.apache.ibatis.executor.statement.RoutingStatementHandler.query(RoutingStatementHandler.java:79)
	at org.apache.ibatis.executor.SimpleExecutor.doQuery(SimpleExecutor.java:63)
	at org.apache.ibatis.executor.BaseExecutor.queryFromDatabase(BaseExecutor.java:324)
	at org.apache.ibatis.executor.BaseExecutor.query(BaseExecutor.java:156)
	at org.apache.ibatis.executor.CachingExecutor.query(CachingExecutor.java:109)
	at org.apache.ibatis.executor.CachingExecutor.query(CachingExecutor.java:83)
	at org.apache.ibatis.session.defaults.DefaultSqlSession.selectList(DefaultSqlSession.java:147)
	... 31 more
</error>
    <system-out>[org.apache.ibatis.transaction.jdbc.JdbcTransaction]-Opening JDBC Connection
[org.apache.ibatis.datasource.pooled.PooledDataSource]-Created connection 2018260103.
[org.apache.ibatis.transaction.jdbc.JdbcTransaction]-Setting autocommit to false on JDBC Connection [com.mysql.cj.jdbc.ConnectionImpl@784c3487]
[com.kuang.dao.StudentMapper.getStudents]-==&gt;  Preparing: select * from student 
[com.kuang.dao.StudentMapper.getStudents]-==&gt; Parameters: 
</system-out>
  </testcase>
</testsuite>